[20-Jul-2024 14:00:04] NOTICE: fpm is running, pid 70658
[20-Jul-2024 14:00:04] NOTICE: ready to handle connections
[20-Jul-2024 14:01:05] NOTICE: Terminating ...
[20-Jul-2024 14:01:05] NOTICE: Terminating ...
[20-Jul-2024 14:01:05] NOTICE: exiting, bye-bye!
[20-Jul-2024 14:01:10] NOTICE: fpm is running, pid 70930
[20-Jul-2024 14:01:10] NOTICE: ready to handle connections
[21-Jul-2024 20:03:12] ERROR: Another FPM instance seems to already listen on /Users/ericktomaliwan/Library/Application Support/Local/run/1j-RZ5hs0/php/php-fpm.socket
[21-Jul-2024 20:03:12] ERROR: FPM initialization failed
[21-Jul-2024 20:03:12] ERROR: Another FPM instance seems to already listen on /Users/ericktomaliwan/Library/Application Support/Local/run/1j-RZ5hs0/php/php-fpm.socket
[21-Jul-2024 20:03:12] ERROR: FPM initialization failed
[21-Jul-2024 20:03:13] ERROR: Another FPM instance seems to already listen on /Users/ericktomaliwan/Library/Application Support/Local/run/1j-RZ5hs0/php/php-fpm.socket
[21-Jul-2024 20:03:13] ERROR: FPM initialization failed
[21-Jul-2024 20:03:13] ERROR: Another FPM instance seems to already listen on /Users/ericktomaliwan/Library/Application Support/Local/run/1j-RZ5hs0/php/php-fpm.socket
[21-Jul-2024 20:03:13] ERROR: FPM initialization failed
[04-Aug-2024 08:30:21] ERROR: Another FPM instance seems to already listen on /Users/ericktomaliwan/Library/Application Support/Local/run/1j-RZ5hs0/php/php-fpm.socket
[04-Aug-2024 08:30:21] ERROR: FPM initialization failed
[04-Aug-2024 08:30:22] ERROR: Another FPM instance seems to already listen on /Users/ericktomaliwan/Library/Application Support/Local/run/1j-RZ5hs0/php/php-fpm.socket
[04-Aug-2024 08:30:22] ERROR: FPM initialization failed
[04-Aug-2024 08:30:22] ERROR: Another FPM instance seems to already listen on /Users/ericktomaliwan/Library/Application Support/Local/run/1j-RZ5hs0/php/php-fpm.socket
[04-Aug-2024 08:30:22] ERROR: FPM initialization failed
[04-Aug-2024 08:30:23] ERROR: Another FPM instance seems to already listen on /Users/ericktomaliwan/Library/Application Support/Local/run/1j-RZ5hs0/php/php-fpm.socket
[04-Aug-2024 08:30:23] ERROR: FPM initialization failed
[31-Aug-2024 15:51:27] NOTICE: fpm is running, pid 39988
[31-Aug-2024 15:51:27] NOTICE: ready to handle connections
[20-Sep-2024 22:47:19] NOTICE: Terminating ...
[20-Sep-2024 22:47:19] NOTICE: Terminating ...
[20-Sep-2024 22:47:19] NOTICE: exiting, bye-bye!
[29-Sep-2024 11:27:41] NOTICE: fpm is running, pid 86808
[29-Sep-2024 11:27:41] NOTICE: ready to handle connections
[29-Sep-2024 15:38:02] NOTICE: Terminating ...
[29-Sep-2024 15:38:02] NOTICE: Terminating ...
[29-Sep-2024 15:38:02] NOTICE: exiting, bye-bye!
[29-Sep-2024 15:38:11] NOTICE: fpm is running, pid 99426
[29-Sep-2024 15:38:11] NOTICE: ready to handle connections
[06-Oct-2024 10:49:08] NOTICE: fpm is running, pid 28854
[06-Oct-2024 10:49:08] NOTICE: ready to handle connections
[06-Oct-2024 17:32:19] NOTICE: Terminating ...
[06-Oct-2024 17:32:19] NOTICE: Terminating ...
[06-Oct-2024 17:32:19] NOTICE: exiting, bye-bye!
[07-Oct-2024 19:53:27] NOTICE: fpm is running, pid 42033
[07-Oct-2024 19:53:27] NOTICE: ready to handle connections
[13-Oct-2024 10:36:38] NOTICE: Terminating ...
[13-Oct-2024 10:36:38] NOTICE: Terminating ...
[13-Oct-2024 10:36:39] NOTICE: exiting, bye-bye!
[09-Nov-2024 19:42:20] NOTICE: fpm is running, pid 13339
[09-Nov-2024 19:42:20] NOTICE: ready to handle connections
